<?xml version="1.0" encoding="UTF-8"?>
<!-- Generated by org.testng.reporters.JUnitReportReporter -->
<testsuite hostname="LAPTOP-9KMGCDCT" failures="0" tests="1" name="io.nocrm.crm.client.ClientTest" time="28.050" errors="0" timestamp="2025-10-25T10:20:39 IST" skipped="0">
  <testcase classname="io.nocrm.crm.client.ClientTest" name="viewingClientTest" time="28.050">
    <system-out>
      <![CDATA[Workshop_98 Client is Created]]>
    </system-out>
  </testcase> <!-- viewingClientTest -->
  <system-out>
    <![CDATA[Workshop_98 Client is Created]]>
  </system-out>
</testsuite> <!-- io.nocrm.crm.client.ClientTest -->
