<?xml version="1.0" encoding="UTF-8"?>
<!-- Generated by org.testng.reporters.JUnitReportReporter -->
<testsuite hostname="LAPTOP-9KMGCDCT" failures="0" tests="1" name="io.nocrm.crm.leads.CreateLeadTest" time="37.979" errors="0" timestamp="2025-10-23T21:34:16 IST" skipped="0">
  <testcase classname="io.nocrm.crm.leads.CreateLeadTest" name="createNewLeadTest" time="37.979">
    <system-out>
      <![CDATA[New lead is created]]>
    </system-out>
  </testcase> <!-- createNewLeadTest -->
  <system-out>
    <![CDATA[Workshop_96 Client is Created
New lead is created
Leads Report page is displayed
DashBoard page is displayed
Pipeline View Page is displayed
 Selected date verified: 29/10/2025
Workshop_769 Lead is deleted
Quote bill is created
Build_Stage57 New PipeLine is displayed
New lead is Modified created]]>
  </system-out>
</testsuite> <!-- io.nocrm.crm.leads.CreateLeadTest -->
