<?xml version="1.0" encoding="UTF-8"?>
<!-- Generated by org.testng.reporters.JUnitReportReporter -->
<testsuite hostname="LAPTOP-9KMGCDCT" failures="0" tests="1" name="io.nocrm.crm.quote.QuotesTest" time="52.417" errors="0" timestamp="2025-10-25T10:34:29 IST" skipped="0">
  <testcase classname="io.nocrm.crm.quote.QuotesTest" name="CheckQuoteTest" time="52.417">
    <system-out>
      <![CDATA[Quote bill is created]]>
    </system-out>
  </testcase> <!-- CheckQuoteTest -->
  <system-out>
    <![CDATA[Quote bill is created]]>
  </system-out>
</testsuite> <!-- io.nocrm.crm.quote.QuotesTest -->
