<?xml version="1.0" encoding="UTF-8"?>
<!-- Generated by org.testng.reporters.JUnitReportReporter -->
<testsuite hostname="LAPTOP-9KMGCDCT" failures="0" tests="1" name="io.nocrm.crm.leads.DeleteLeadTest" time="62.624" errors="0" timestamp="2025-10-24T10:08:31 IST" skipped="0">
  <testcase classname="io.nocrm.crm.leads.DeleteLeadTest" name="deleteLeadTest" time="62.624">
    <system-out>
      <![CDATA[Workshop_375 Lead is deleted]]>
    </system-out>
  </testcase> <!-- deleteLeadTest -->
  <system-out>
    <![CDATA[Workshop_616 Client is Created
Leads Report page is displayed
DashBoard page is displayed
Pipeline View Page is displayed
 Selected date verified: 29/10/2025
Workshop_375 Lead is deleted
CheckQuoteTest ==> FAIL
Build_Stage21 New PipeLine is displayed
New lead is Modified created]]>
  </system-out>
</testsuite> <!-- io.nocrm.crm.leads.DeleteLeadTest -->
